build/intermediates/manifest_merge_blame_file/debug/manifest-merger-blame-debug-report.txt
1<?xml version="1.0" encoding="utf-8"?>
2<manifest xmlns:android="http://schemas.android.com/apk/res/android"
3    package="com.checkbalance.calculator"
4    android:versionCode="1"
5    android:versionName="1.0" >
6
7    <uses-sdk
8        android:minSdkVersion="29"
8-->src/main/AndroidManifest.xml
9        android:targetSdkVersion="31" />
9-->src/main/AndroidManifest.xml
10
11    <uses-permission android:name="android.permission.MANAGE_OWN_CALLS" />
11-->src/main/AndroidManifest.xml:4:5-74
11-->src/main/AndroidManifest.xml:4:22-72
12    <uses-permission android:name="android.permission.CALL_PHONE" />
12-->src/main/AndroidManifest.xml:5:5-68
12-->src/main/AndroidManifest.xml:5:22-66
13    <uses-permission android:name="android.permission.READ_SMS" />
13-->src/main/AndroidManifest.xml:6:5-66
13-->src/main/AndroidManifest.xml:6:22-64
14    <uses-permission android:name="android.permission.CALL_PHONE" />
14-->src/main/AndroidManifest.xml:5:5-68
14-->src/main/AndroidManifest.xml:5:22-66
15
16    <application
16-->src/main/AndroidManifest.xml:8:5-28:19
17        android:allowBackup="true"
17-->src/main/AndroidManifest.xml:9:9-35
18        android:appComponentFactory="androidx.core.app.CoreComponentFactory"
18-->[androidx.core:core:1.7.0] AndroidManifest.xml:24:18-86
19        android:debuggable="true"
20        android:extractNativeLibs="false"
21        android:icon="@mipmap/ic_launcher"
21-->src/main/AndroidManifest.xml:10:9-43
22        android:label="@string/app_name"
22-->src/main/AndroidManifest.xml:11:9-41
23        android:roundIcon="@mipmap/ic_launcher_round"
23-->src/main/AndroidManifest.xml:12:9-54
24        android:supportsRtl="true"
24-->src/main/AndroidManifest.xml:13:9-35
25        android:testOnly="true"
26        android:theme="@style/Theme.Calculator" >
26-->src/main/AndroidManifest.xml:14:9-48
27        <activity
27-->src/main/AndroidManifest.xml:15:9-17:39
28            android:name="com.checkbalance.calculator.check"
28-->src/main/AndroidManifest.xml:16:13-34
29            android:exported="true" />
29-->src/main/AndroidManifest.xml:17:13-36
30        <activity
30-->src/main/AndroidManifest.xml:18:9-27:20
31            android:name="com.checkbalance.calculator.CheckBalanceScreen"
31-->src/main/AndroidManifest.xml:19:13-47
32            android:exported="true" >
32-->src/main/AndroidManifest.xml:20:13-36
33            <intent-filter>
33-->src/main/AndroidManifest.xml:21:13-25:29
34                <action android:name="android.intent.action.MAIN" />
34-->src/main/AndroidManifest.xml:22:17-69
34-->src/main/AndroidManifest.xml:22:25-66
35
36                <category android:name="android.intent.category.LAUNCHER" />
36-->src/main/AndroidManifest.xml:24:17-77
36-->src/main/AndroidManifest.xml:24:27-74
37            </intent-filter>
38        </activity>
39    </application>
40
41</manifest>